Arguments: 
  /usr/local/Cellar/node/9.5.0/bin/node /usr/local/Cellar/yarn/1.3.2/libexec/bin/yarn.js add @types/classnames @types/d3 @types/react @types/react-dom ts-loader @types/source-map @types/source-map-loader typescript webpack webpack-cli webpack-dev-server

PATH: 
  /Library/Frameworks/Python.framework/Versions/3.6/bin:/Library/Frameworks/Python.framework/Versions/2.7/bin:/Users/haldenl/anaconda3/bin:/Library/Frameworks/Python.framework/Versions/3.6/bin:/Library/Frameworks/Python.framework/Versions/3.5/bin:/etc/gradle/gradle-2.12/bin:/usr/local/mysql/bin:/usr/local/bin:/usr/bin:/bin:/usr/sbin:/sbin:/usr/local/share/dotnet:/opt/X11/bin:/Library/Frameworks/Mono.framework/Versions/Current/Commands:/Library/Frameworks/Python.framework/Versions/3.6/bin:/Library/Frameworks/Python.framework/Versions/2.7/bin:/Users/haldenl/anaconda3/bin:/Library/Frameworks/Python.framework/Versions/3.5/bin:/etc/gradle/gradle-2.12/bin:/usr/local/mysql/bin:/Users/haldenl/apache-ant-1.10.1/bin:/Users/haldenl/apache-ant-1.10.1/bin

Yarn version: 
  1.3.2

Node version: 
  9.5.0

Platform: 
  darwin x64

npm manifest: 
  {
    "name": "attention-visualizer",
    "version": "0.0.1",
    "private": true,
    "description": "visualization tool for attention in seq2seq models",
    "main": "index.js",
    "repository": "https://github.com/haldenl/attention-visualizer.git",
    "author": "Halden Lin <haldenl@cs.washington.edu>",
    "license": "BSD-3-Clause",
    "dependencies": {
      "classnames": "^2.2.5",
      "d3": "^5.4.0",
      "react": "^16.4.0",
      "react-dom": "^16.4.0",
      "react-split-pane": "^0.1.77"
    }
  }

yarn manifest: 
  No manifest

Lockfile: 
  # THIS IS AN AUTOGENERATED FILE. DO NOT EDIT THIS FILE DIRECTLY.
  # yarn lockfile v1
  
  
  asap@~2.0.3:
    version "2.0.6"
    resolved "https://registry.yarnpkg.com/asap/-/asap-2.0.6.tgz#e50347611d7e690943208bbdafebcbc2fb866d46"
  
  bowser@^1.7.3:
    version "1.9.3"
    resolved "https://registry.yarnpkg.com/bowser/-/bowser-1.9.3.tgz#6643ae4d783f31683f6d23156976b74183862162"
  
  classnames@^2.2.5:
    version "2.2.5"
    resolved "https://registry.yarnpkg.com/classnames/-/classnames-2.2.5.tgz#fb3801d453467649ef3603c7d61a02bd129bde6d"
  
  commander@2:
    version "2.15.1"
    resolved "https://registry.yarnpkg.com/commander/-/commander-2.15.1.tgz#df46e867d0fc2aec66a34662b406a9ccafff5b0f"
  
  core-js@^1.0.0:
    version "1.2.7"
    resolved "https://registry.yarnpkg.com/core-js/-/core-js-1.2.7.tgz#652294c14651db28fa93bd2d5ff2983a4f08c636"
  
  css-in-js-utils@^2.0.0:
    version "2.0.1"
    resolved "https://registry.yarnpkg.com/css-in-js-utils/-/css-in-js-utils-2.0.1.tgz#3b472b398787291b47cfe3e44fecfdd9e914ba99"
    dependencies:
      hyphenate-style-name "^1.0.2"
      isobject "^3.0.1"
  
  d3-array@1, d3-array@^1.1.1, d3-array@^1.2.0:
    version "1.2.1"
    resolved "https://registry.yarnpkg.com/d3-array/-/d3-array-1.2.1.tgz#d1ca33de2f6ac31efadb8e050a021d7e2396d5dc"
  
  d3-axis@1:
    version "1.0.8"
    resolved "https://registry.yarnpkg.com/d3-axis/-/d3-axis-1.0.8.tgz#31a705a0b535e65759de14173a31933137f18efa"
  
  d3-brush@1:
    version "1.0.4"
    resolved "https://registry.yarnpkg.com/d3-brush/-/d3-brush-1.0.4.tgz#00c2f238019f24f6c0a194a26d41a1530ffe7bc4"
    dependencies:
      d3-dispatch "1"
      d3-drag "1"
      d3-interpolate "1"
      d3-selection "1"
      d3-transition "1"
  
  d3-chord@1:
    version "1.0.4"
    resolved "https://registry.yarnpkg.com/d3-chord/-/d3-chord-1.0.4.tgz#7dec4f0ba886f713fe111c45f763414f6f74ca2c"
    dependencies:
      d3-array "1"
      d3-path "1"
  
  d3-collection@1:
    version "1.0.4"
    resolved "https://registry.yarnpkg.com/d3-collection/-/d3-collection-1.0.4.tgz#342dfd12837c90974f33f1cc0a785aea570dcdc2"
  
  d3-color@1:
    version "1.2.0"
    resolved "https://registry.yarnpkg.com/d3-color/-/d3-color-1.2.0.tgz#d1ea19db5859c86854586276ec892cf93148459a"
  
  d3-contour@1:
    version "1.2.0"
    resolved "https://registry.yarnpkg.com/d3-contour/-/d3-contour-1.2.0.tgz#de3ea7991bbb652155ee2a803aeafd084be03b63"
    dependencies:
      d3-array "^1.1.1"
  
  d3-dispatch@1:
    version "1.0.3"
    resolved "https://registry.yarnpkg.com/d3-dispatch/-/d3-dispatch-1.0.3.tgz#46e1491eaa9b58c358fce5be4e8bed626e7871f8"
  
  d3-drag@1:
    version "1.2.1"
    resolved "https://registry.yarnpkg.com/d3-drag/-/d3-drag-1.2.1.tgz#df8dd4c502fb490fc7462046a8ad98a5c479282d"
    dependencies:
      d3-dispatch "1"
      d3-selection "1"
  
  d3-dsv@1:
    version "1.0.8"
    resolved "https://registry.yarnpkg.com/d3-dsv/-/d3-dsv-1.0.8.tgz#907e240d57b386618dc56468bacfe76bf19764ae"
    dependencies:
      commander "2"
      iconv-lite "0.4"
      rw "1"
  
  d3-ease@1:
    version "1.0.3"
    resolved "https://registry.yarnpkg.com/d3-ease/-/d3-ease-1.0.3.tgz#68bfbc349338a380c44d8acc4fbc3304aa2d8c0e"
  
  d3-fetch@1:
    version "1.1.0"
    resolved "https://registry.yarnpkg.com/d3-fetch/-/d3-fetch-1.1.0.tgz#31cbcd506b21d6519ac6a120a079de8d0a57c00f"
    dependencies:
      d3-dsv "1"
  
  d3-force@1:
    version "1.1.0"
    resolved "https://registry.yarnpkg.com/d3-force/-/d3-force-1.1.0.tgz#cebf3c694f1078fcc3d4daf8e567b2fbd70d4ea3"
    dependencies:
      d3-collection "1"
      d3-dispatch "1"
      d3-quadtree "1"
      d3-timer "1"
  
  d3-format@1:
    version "1.3.0"
    resolved "https://registry.yarnpkg.com/d3-format/-/d3-format-1.3.0.tgz#a3ac44269a2011cdb87c7b5693040c18cddfff11"
  
  d3-geo@1:
    version "1.10.0"
    resolved "https://registry.yarnpkg.com/d3-geo/-/d3-geo-1.10.0.tgz#2972d18014f1e38fc1f8bb6d545377bdfb00c9ab"
    dependencies:
      d3-array "1"
  
  d3-hierarchy@1:
    version "1.1.6"
    resolved "https://registry.yarnpkg.com/d3-hierarchy/-/d3-hierarchy-1.1.6.tgz#842c1372090f870b7ea013ebae5c0c8d9f56229c"
  
  d3-interpolate@1:
    version "1.2.0"
    resolved "https://registry.yarnpkg.com/d3-interpolate/-/d3-interpolate-1.2.0.tgz#40d81bd8e959ff021c5ea7545bc79b8d22331c41"
    dependencies:
      d3-color "1"
  
  d3-path@1:
    version "1.0.5"
    resolved "https://registry.yarnpkg.com/d3-path/-/d3-path-1.0.5.tgz#241eb1849bd9e9e8021c0d0a799f8a0e8e441764"
  
  d3-polygon@1:
    version "1.0.3"
    resolved "https://registry.yarnpkg.com/d3-polygon/-/d3-polygon-1.0.3.tgz#16888e9026460933f2b179652ad378224d382c62"
  
  d3-quadtree@1:
    version "1.0.3"
    resolved "https://registry.yarnpkg.com/d3-quadtree/-/d3-quadtree-1.0.3.tgz#ac7987e3e23fe805a990f28e1b50d38fcb822438"
  
  d3-random@1:
    version "1.1.0"
    resolved "https://registry.yarnpkg.com/d3-random/-/d3-random-1.1.0.tgz#6642e506c6fa3a648595d2b2469788a8d12529d3"
  
  d3-scale-chromatic@1:
    version "1.3.0"
    resolved "https://registry.yarnpkg.com/d3-scale-chromatic/-/d3-scale-chromatic-1.3.0.tgz#7ee38ffcaa7ad55cfed83a6a668aac5570c653c4"
    dependencies:
      d3-color "1"
      d3-interpolate "1"
  
  d3-scale@2:
    version "2.0.0"
    resolved "https://registry.yarnpkg.com/d3-scale/-/d3-scale-2.0.0.tgz#fd8ac78381bc2ed741d8c71770437a5e0549a5a5"
    dependencies:
      d3-array "^1.2.0"
      d3-collection "1"
      d3-format "1"
      d3-interpolate "1"
      d3-time "1"
      d3-time-format "2"
  
  d3-selection@1, d3-selection@^1.1.0:
    version "1.3.0"
    resolved "https://registry.yarnpkg.com/d3-selection/-/d3-selection-1.3.0.tgz#d53772382d3dc4f7507bfb28bcd2d6aed2a0ad6d"
  
  d3-shape@1:
    version "1.2.0"
    resolved "https://registry.yarnpkg.com/d3-shape/-/d3-shape-1.2.0.tgz#45d01538f064bafd05ea3d6d2cb748fd8c41f777"
    dependencies:
      d3-path "1"
  
  d3-time-format@2:
    version "2.1.1"
    resolved "https://registry.yarnpkg.com/d3-time-format/-/d3-time-format-2.1.1.tgz#85b7cdfbc9ffca187f14d3c456ffda268081bb31"
    dependencies:
      d3-time "1"
  
  d3-time@1:
    version "1.0.8"
    resolved "https://registry.yarnpkg.com/d3-time/-/d3-time-1.0.8.tgz#dbd2d6007bf416fe67a76d17947b784bffea1e84"
  
  d3-timer@1:
    version "1.0.7"
    resolved "https://registry.yarnpkg.com/d3-timer/-/d3-timer-1.0.7.tgz#df9650ca587f6c96607ff4e60cc38229e8dd8531"
  
  d3-transition@1:
    version "1.1.1"
    resolved "https://registry.yarnpkg.com/d3-transition/-/d3-transition-1.1.1.tgz#d8ef89c3b848735b060e54a39b32aaebaa421039"
    dependencies:
      d3-color "1"
      d3-dispatch "1"
      d3-ease "1"
      d3-interpolate "1"
      d3-selection "^1.1.0"
      d3-timer "1"
  
  d3-voronoi@1:
    version "1.1.2"
    resolved "https://registry.yarnpkg.com/d3-voronoi/-/d3-voronoi-1.1.2.tgz#1687667e8f13a2d158c80c1480c5a29cb0d8973c"
  
  d3-zoom@1:
    version "1.7.1"
    resolved "https://registry.yarnpkg.com/d3-zoom/-/d3-zoom-1.7.1.tgz#02f43b3c3e2db54f364582d7e4a236ccc5506b63"
    dependencies:
      d3-dispatch "1"
      d3-drag "1"
      d3-interpolate "1"
      d3-selection "1"
      d3-transition "1"
  
  d3@^5.4.0:
    version "5.4.0"
    resolved "https://registry.yarnpkg.com/d3/-/d3-5.4.0.tgz#090199a8569d1de23d04a3ff07fe136095fea74e"
    dependencies:
      d3-array "1"
      d3-axis "1"
      d3-brush "1"
      d3-chord "1"
      d3-collection "1"
      d3-color "1"
      d3-contour "1"
      d3-dispatch "1"
      d3-drag "1"
      d3-dsv "1"
      d3-ease "1"
      d3-fetch "1"
      d3-force "1"
      d3-format "1"
      d3-geo "1"
      d3-hierarchy "1"
      d3-interpolate "1"
      d3-path "1"
      d3-polygon "1"
      d3-quadtree "1"
      d3-random "1"
      d3-scale "2"
      d3-scale-chromatic "1"
      d3-selection "1"
      d3-shape "1"
      d3-time "1"
      d3-time-format "2"
      d3-timer "1"
      d3-transition "1"
      d3-voronoi "1"
      d3-zoom "1"
  
  encoding@^0.1.11:
    version "0.1.12"
    resolved "https://registry.yarnpkg.com/encoding/-/encoding-0.1.12.tgz#538b66f3ee62cd1ab51ec323829d1f9480c74beb"
    dependencies:
      iconv-lite "~0.4.13"
  
  fbjs@^0.8.16:
    version "0.8.16"
    resolved "https://registry.yarnpkg.com/fbjs/-/fbjs-0.8.16.tgz#5e67432f550dc41b572bf55847b8aca64e5337db"
    dependencies:
      core-js "^1.0.0"
      isomorphic-fetch "^2.1.1"
      loose-envify "^1.0.0"
      object-assign "^4.1.0"
      promise "^7.1.1"
      setimmediate "^1.0.5"
      ua-parser-js "^0.7.9"
  
  hyphenate-style-name@^1.0.2:
    version "1.0.2"
    resolved "https://registry.yarnpkg.com/hyphenate-style-name/-/hyphenate-style-name-1.0.2.tgz#31160a36930adaf1fc04c6074f7eb41465d4ec4b"
  
  iconv-lite@0.4, iconv-lite@~0.4.13:
    version "0.4.23"
    resolved "https://registry.yarnpkg.com/iconv-lite/-/iconv-lite-0.4.23.tgz#297871f63be507adcfbfca715d0cd0eed84e9a63"
    dependencies:
      safer-buffer ">= 2.1.2 < 3"
  
  inline-style-prefixer@^3.0.6:
    version "3.0.8"
    resolved "https://registry.yarnpkg.com/inline-style-prefixer/-/inline-style-prefixer-3.0.8.tgz#8551b8e5b4d573244e66a34b04f7d32076a2b534"
    dependencies:
      bowser "^1.7.3"
      css-in-js-utils "^2.0.0"
  
  is-stream@^1.0.1:
    version "1.1.0"
    resolved "https://registry.yarnpkg.com/is-stream/-/is-stream-1.1.0.tgz#12d4a3dd4e68e0b79ceb8dbc84173ae80d91ca44"
  
  isobject@^3.0.1:
    version "3.0.1"
    resolved "https://registry.yarnpkg.com/isobject/-/isobject-3.0.1.tgz#4e431e92b11a9731636aa1f9c8d1ccbcfdab78df"
  
  isomorphic-fetch@^2.1.1:
    version "2.2.1"
    resolved "https://registry.yarnpkg.com/isomorphic-fetch/-/isomorphic-fetch-2.2.1.tgz#611ae1acf14f5e81f729507472819fe9733558a9"
    dependencies:
      node-fetch "^1.0.1"
      whatwg-fetch ">=0.10.0"
  
  js-tokens@^3.0.0:
    version "3.0.2"
    resolved "https://registry.yarnpkg.com/js-tokens/-/js-tokens-3.0.2.tgz#9866df395102130e38f7f996bceb65443209c25b"
  
  loose-envify@^1.0.0, loose-envify@^1.1.0, loose-envify@^1.3.1:
    version "1.3.1"
    resolved "https://registry.yarnpkg.com/loose-envify/-/loose-envify-1.3.1.tgz#d1a8ad33fa9ce0e713d65fdd0ac8b748d478c848"
    dependencies:
      js-tokens "^3.0.0"
  
  node-fetch@^1.0.1:
    version "1.7.3"
    resolved "https://registry.yarnpkg.com/node-fetch/-/node-fetch-1.7.3.tgz#980f6f72d85211a5347c6b2bc18c5b84c3eb47ef"
    dependencies:
      encoding "^0.1.11"
      is-stream "^1.0.1"
  
  object-assign@^4.1.0, object-assign@^4.1.1:
    version "4.1.1"
    resolved "https://registry.yarnpkg.com/object-assign/-/object-assign-4.1.1.tgz#2109adc7965887cfc05cbbd442cac8bfbb360863"
  
  promise@^7.1.1:
    version "7.3.1"
    resolved "https://registry.yarnpkg.com/promise/-/promise-7.3.1.tgz#064b72602b18f90f29192b8b1bc418ffd1ebd3bf"
    dependencies:
      asap "~2.0.3"
  
  prop-types@^15.5.10, prop-types@^15.5.4, prop-types@^15.6.0:
    version "15.6.1"
    resolved "https://registry.yarnpkg.com/prop-types/-/prop-types-15.6.1.tgz#36644453564255ddda391191fb3a125cbdf654ca"
    dependencies:
      fbjs "^0.8.16"
      loose-envify "^1.3.1"
      object-assign "^4.1.1"
  
  react-dom@^16.4.0:
    version "16.4.0"
    resolved "https://registry.yarnpkg.com/react-dom/-/react-dom-16.4.0.tgz#099f067dd5827ce36a29eaf9a6cdc7cbf6216b1e"
    dependencies:
      fbjs "^0.8.16"
      loose-envify "^1.1.0"
      object-assign "^4.1.1"
      prop-types "^15.6.0"
  
  react-split-pane@^0.1.77:
    version "0.1.77"
    resolved "https://registry.yarnpkg.com/react-split-pane/-/react-split-pane-0.1.77.tgz#f0c8cd18d076bbac900248dcf6dbcec02d5340db"
    dependencies:
      inline-style-prefixer "^3.0.6"
      prop-types "^15.5.10"
      react-style-proptype "^3.0.0"
  
  react-style-proptype@^3.0.0:
    version "3.2.1"
    resolved "https://registry.yarnpkg.com/react-style-proptype/-/react-style-proptype-3.2.1.tgz#7cfeb9b87ec7ab9dcbde9715170ed10c11fb86aa"
    dependencies:
      prop-types "^15.5.4"
  
  react@^16.4.0:
    version "16.4.0"
    resolved "https://registry.yarnpkg.com/react/-/react-16.4.0.tgz#402c2db83335336fba1962c08b98c6272617d585"
    dependencies:
      fbjs "^0.8.16"
      loose-envify "^1.1.0"
      object-assign "^4.1.1"
      prop-types "^15.6.0"
  
  rw@1:
    version "1.3.3"
    resolved "https://registry.yarnpkg.com/rw/-/rw-1.3.3.tgz#3f862dfa91ab766b14885ef4d01124bfda074fb4"
  
  "safer-buffer@>= 2.1.2 < 3":
    version "2.1.2"
    resolved "https://registry.yarnpkg.com/safer-buffer/-/safer-buffer-2.1.2.tgz#44fa161b0187b9549dd84bb91802f9bd8385cd6a"
  
  setimmediate@^1.0.5:
    version "1.0.5"
    resolved "https://registry.yarnpkg.com/setimmediate/-/setimmediate-1.0.5.tgz#290cbb232e306942d7d7ea9b83732ab7856f8285"
  
  ua-parser-js@^0.7.9:
    version "0.7.18"
    resolved "https://registry.yarnpkg.com/ua-parser-js/-/ua-parser-js-0.7.18.tgz#a7bfd92f56edfb117083b69e31d2aa8882d4b1ed"
  
  whatwg-fetch@>=0.10.0:
    version "2.0.4"
    resolved "https://registry.yarnpkg.com/whatwg-fetch/-/whatwg-fetch-2.0.4.tgz#dde6a5df315f9d39991aa17621853d720b85566f"

Trace: 
  Error: https://registry.yarnpkg.com/@types%2fsource-map-loader: Not found
      at Request.params.callback [as _callback] (/usr/local/Cellar/yarn/1.3.2/libexec/lib/cli.js:62098:18)
      at Request.self.callback (/usr/local/Cellar/yarn/1.3.2/libexec/lib/cli.js:123085:22)
      at Request.emit (events.js:160:13)
      at Request.<anonymous> (/usr/local/Cellar/yarn/1.3.2/libexec/lib/cli.js:124068:10)
      at Request.emit (events.js:160:13)
      at IncomingMessage.<anonymous> (/usr/local/Cellar/yarn/1.3.2/libexec/lib/cli.js:123988:12)
      at Object.onceWrapper (events.js:255:19)
      at IncomingMessage.emit (events.js:165:20)
      at endReadableNT (_stream_readable.js:1101:12)
      at process._tickCallback (internal/process/next_tick.js:152:19)
